<?xml version="1.0" encoding="UTF-8"?>
<!-- Generated by org.testng.reporters.JUnitReportReporter -->
<testsuite hostname="DESKTOP-7C7M603" name="com.QSPTech.ProjectName.ModuleName.testCases.LoginToApplication" tests="2" failures="0" timestamp="16 Sep 2019 05:36:15 GMT" time="64.044" errors="0">
  <testcase name="loginToApplication" time="28.444" classname="com.QSPTech.ProjectName.ModuleName.testCases.LoginToApplication"/>
  <testcase name="loginToApplication" time="35.600" classname="com.QSPTech.ProjectName.ModuleName.testCases.LoginToApplication"/>
</testsuite> <!-- com.QSPTech.ProjectName.ModuleName.testCases.LoginToApplication -->
