<?xml version="1.0" encoding="UTF-8"?>
<!-- Generated by org.testng.reporters.JUnitReportReporter -->
<testsuite hostname="DESKTOP-7C7M603" name="com.QSPTech.ProjectName.ModuleName.TestMaven" tests="1" failures="0" timestamp="5 Sep 2019 05:10:08 GMT" time="0.024" errors="0">
  <testcase name="test1" time="0.024" classname="com.QSPTech.ProjectName.ModuleName.TestMaven"/>
</testsuite> <!-- com.QSPTech.ProjectName.ModuleName.TestMaven -->
