<?xml version="1.0" encoding="UTF-8"?>
<!-- Generated by org.testng.reporters.JUnitReportReporter -->
<testsuite hostname="DESKTOP-7C7M603" name="com.QSPTech.ProjectName.ModuleName.testCases.AssertTest" tests="1" failures="0" timestamp="24 Sep 2019 04:14:51 GMT" time="0.031" errors="0">
  <testcase name="testAssertClass" time="0.031" classname="com.QSPTech.ProjectName.ModuleName.testCases.AssertTest"/>
</testsuite> <!-- com.QSPTech.ProjectName.ModuleName.testCases.AssertTest -->
