<?xml version="1.0" encoding="UTF-8"?>
<!-- Generated by org.testng.reporters.JUnitReportReporter -->
<testsuite hostname="DESKTOP-7C7M603" name="com.QSPTech.ProjectName.ModuleName.TestMaven1" tests="1" failures="0" timestamp="5 Sep 2019 05:10:08 GMT" time="0.001" errors="0">
  <testcase name="test2" time="0.001" classname="com.QSPTech.ProjectName.ModuleName.TestMaven1"/>
</testsuite> <!-- com.QSPTech.ProjectName.ModuleName.TestMaven1 -->
