<?xml version="1.0" encoding="UTF-8"?>
<!-- Generated by org.testng.reporters.JUnitReportReporter -->
<testsuite hostname="DESKTOP-7C7M603" name="com.QSPTech.ProjectName.ModuleName.testCases.ReadingDataFromXlsx" tests="7" failures="0" timestamp="9 Sep 2019 04:30:24 GMT" time="0.044" errors="0">
  <testcase name="testCase1" time="0.003" classname="com.QSPTech.ProjectName.ModuleName.testCases.ReadingDataFromXlsx"/>
  <testcase name="testCase1" time="0.001" classname="com.QSPTech.ProjectName.ModuleName.testCases.ReadingDataFromXlsx"/>
  <testcase name="testCase1" time="0.001" classname="com.QSPTech.ProjectName.ModuleName.testCases.ReadingDataFromXlsx"/>
  <testcase name="testCase1" time="0.002" classname="com.QSPTech.ProjectName.ModuleName.testCases.ReadingDataFromXlsx"/>
  <testcase name="testCase1" time="0.001" classname="com.QSPTech.ProjectName.ModuleName.testCases.ReadingDataFromXlsx"/>
  <testcase name="testCase1" time="0.001" classname="com.QSPTech.ProjectName.ModuleName.testCases.ReadingDataFromXlsx"/>
  <testcase name="testCase1" time="0.035" classname="com.QSPTech.ProjectName.ModuleName.testCases.ReadingDataFromXlsx"/>
</testsuite> <!-- com.QSPTech.ProjectName.ModuleName.testCases.ReadingDataFromXlsx -->
