<?xml version="1.0" encoding="UTF-8"?>
<!-- Generated by org.testng.reporters.JUnitReportReporter -->
<testsuite hostname="DESKTOP-7C7M603" name="com.QSPTech.ProjectName.ModuleName.testCases.TC003_Create_an_Account" tests="1" failures="0" timestamp="30 Sep 2019 05:21:35 GMT" time="0.001" errors="1">
  <testcase name="TC003_Create_An_Account" time="0.001" classname="com.QSPTech.ProjectName.ModuleName.testCases.TC003_Create_an_Account"/>
</testsuite> <!-- com.QSPTech.ProjectName.ModuleName.testCases.TC003_Create_an_Account -->
