<?xml version="1.0" encoding="UTF-8"?>
<!-- Generated by org.testng.reporters.JUnitReportReporter -->
<testsuite hostname="DESKTOP-7C7M603" name="com.QSPTech.ProjectName.ModuleName.testCases.TC002_Create_an_Account" tests="1" failures="0" timestamp="30 Sep 2019 05:21:35 GMT" time="16.473" errors="0">
  <testcase name="TC002_Create_An_Account" time="16.473" classname="com.QSPTech.ProjectName.ModuleName.testCases.TC002_Create_an_Account"/>
</testsuite> <!-- com.QSPTech.ProjectName.ModuleName.testCases.TC002_Create_an_Account -->
